[    4637ms] TypeError: Cannot read properties of undefined (reading 'classList')
    at B.set_scroll_position (http://localhost:5050/_next/static/chunks/_75de46f4._.js:1454:285)
    at B.scroll_current (http://localhost:5050/_next/static/chunks/_75de46f4._.js:1458:19)
    at B.set_scroll_position (http://localhost:5050/_next/static/chunks/_75de46f4._.js:1445:44)
    at B.render (http://localhost:5050/_next/static/chunks/_75de46f4._.js:1160:199)
    at B.change_view_mode (http://localhost:5050/_next/static/chunks/_75de46f4._.js:1123:220)
    at new B (http://localhost:5050/_next/static/chunks/_75de46f4._.js:1701:81)
    at SVARGanttChart.useEffect (http://localhost:5050/_next/static/chunks/_75de46f4._.js:78:27)
    at Object.react_stack_bottom_frame (http://localhost:5050/_next/static/chunks/node_modules_next_dist_compiled_react-dom_1e674e59._.js:13122:22)
    at runWithFiberInDEV (http://localhost:5050/_next/static/chunks/node_modules_next_dist_compiled_react-dom_1e674e59._.js:886:74)
    at commitHookEffectListMount (http://localhost:5050/_next/static/chunks/node_modules_next_dist_compiled_react-dom_1e674e59._.js:6640:628)
    at commitHookPassiveMountEffects (http://localhost:5050/_next/static/chunks/node_modules_next_dist_compiled_react-dom_1e674e59._.js:6675:60)
    at reconnectPassiveEffects (http://localhost:5050/_next/static/chunks/node_modules_next_dist_compiled_react-dom_1e674e59._.js:7688:17)
    at recursivelyTraverseReconnectPassiveEffects (http://localhost:5050/_next/static/chunks/node_modules_next_dist_compiled_react-dom_1e674e59._.js:7679:68)
    at reconnectPassiveEffects (http://localhost:5050/_next/static/chunks/node_modules_next_dist_compiled_react-dom_1e674e59._.js:7687:17)
    at recursivelyTraverseReconnectPassiveEffects (http://localhost:5050/_next/static/chunks/node_modules_next_dist_compiled_react-dom_1e674e59._.js:7679:68)
    at commitPassiveMountOnFiber (http://localhost:5050/_next/static/chunks/node_modules_next_dist_compiled_react-dom_1e674e59._.js:7665:568)
    at recursivelyTraversePassiveMountEffects (http://localhost:5050/_next/static/chunks/node_modules_next_dist_compiled_react-dom_1e674e59._.js:7621:106)
    at commitPassiveMountOnFiber (http://localhost:5050/_next/static/chunks/node_modules_next_dist_compiled_react-dom_1e674e59._.js:7658:17)
    at recursivelyTraversePassiveMountEffects (http://localhost:5050/_next/static/chunks/node_modules_next_dist_compiled_react-dom_1e674e59._.js:7621:106)
    at commitPassiveMountOnFiber (http://localhost:5050/_next/static/chunks/node_modules_next_dist_compiled_react-dom_1e674e59._.js:7629:17)
    at recursivelyTraversePassiveMountEffects (http://localhost:5050/_next/static/chunks/node_modules_next_dist_compiled_react-dom_1e674e59._.js:7621:106)
    at commitPassiveMountOnFiber (http://localhost:5050/_next/static/chunks/node_modules_next_dist_compiled_react-dom_1e674e59._.js:7673:17)
    at recursivelyTraversePassiveMountEffects (http://localhost:5050/_next/static/chunks/node_modules_next_dist_compiled_react-dom_1e674e59._.js:7621:106)
    at commitPassiveMountOnFiber (http://localhost:5050/_next/static/chunks/node_modules_next_dist_compiled_react-dom_1e674e59._.js:7629:17)
    at recursivelyTraversePassiveMountEffects (http://localhost:5050/_next/static/chunks/node_modules_next_dist_compiled_react-dom_1e674e59._.js:7621:106)
    at commitPassiveMountOnFiber (http://localhost:5050/_next/static/chunks/node_modules_next_dist_compiled_react-dom_1e674e59._.js:7673:17)
    at recursivelyTraversePassiveMountEffects (http://localhost:5050/_next/static/chunks/node_modules_next_dist_compiled_react-dom_1e674e59._.js:7621:106)
    at commitPassiveMountOnFiber (http://localhost:5050/_next/static/chunks/node_modules_next_dist_compiled_react-dom_1e674e59._.js:7673:17)
    at recursivelyTraversePassiveMountEffects (http://localhost:5050/_next/static/chunks/node_modules_next_dist_compiled_react-dom_1e674e59._.js:7621:106)
    at commitPassiveMountOnFiber (http://localhost:5050/_next/static/chunks/node_modules_next_dist_compiled_react-dom_1e674e59._.js:7673:17)
    at recursivelyTraversePassiveMountEffects (http://localhost:5050/_next/static/chunks/node_modules_next_dist_compiled_react-dom_1e674e59._.js:7621:106)
    at commitPassiveMountOnFiber (http://localhost:5050/_next/static/chunks/node_modules_next_dist_compiled_react-dom_1e674e59._.js:7673:17)
    at recursivelyTraversePassiveMountEffects (http://localhost:5050/_next/static/chunks/node_modules_next_dist_compiled_react-dom_1e674e59._.js:7621:106)
    at commitPassiveMountOnFiber (http://localhost:5050/_next/static/chunks/node_modules_next_dist_compiled_react-dom_1e674e59._.js:7673:17)
    at recursivelyTraversePassiveMountEffects (http://localhost:5050/_next/static/chunks/node_modules_next_dist_compiled_react-dom_1e674e59._.js:7621:106)
    at commitPassiveMountOnFiber (http://localhost:5050/_next/static/chunks/node_modules_next_dist_compiled_react-dom_1e674e59._.js:7673:17)
    at recursivelyTraversePassiveMountEffects (http://localhost:5050/_next/static/chunks/node_modules_next_dist_compiled_react-dom_1e674e59._.js:7621:106)
    at commitPassiveMountOnFiber (http://localhost:5050/_next/static/chunks/node_modules_next_dist_compiled_react-dom_1e674e59._.js:7629:17)
    at recursivelyTraversePassiveMountEffects (http://localhost:5050/_next/static/chunks/node_modules_next_dist_compiled_react-dom_1e674e59._.js:7621:106)
    at commitPassiveMountOnFiber (http://localhost:5050/_next/static/chunks/node_modules_next_dist_compiled_react-dom_1e674e59._.js:7629:17)
    at recursivelyTraversePassiveMountEffects (http://localhost:5050/_next/static/chunks/node_modules_next_dist_compiled_react-dom_1e674e59._.js:7621:106)
    at commitPassiveMountOnFiber (http://localhost:5050/_next/static/chunks/node_modules_next_dist_compiled_react-dom_1e674e59._.js:7673:17)
    at recursivelyTraversePassiveMountEffects (http://localhost:5050/_next/static/chunks/node_modules_next_dist_compiled_react-dom_1e674e59._.js:7621:106)
    at commitPassiveMountOnFiber (http://localhost:5050/_next/static/chunks/node_modules_next_dist_compiled_react-dom_1e674e59._.js:7673:17)
    at recursivelyTraversePassiveMountEffects (http://localhost:5050/_next/static/chunks/node_modules_next_dist_compiled_react-dom_1e674e59._.js:7621:106)
    at commitPassiveMountOnFiber (http://localhost:5050/_next/static/chunks/node_modules_next_dist_compiled_react-dom_1e674e59._.js:7673:17)
    at recursivelyTraversePassiveMountEffects (http://localhost:5050/_next/static/chunks/node_modules_next_dist_compiled_react-dom_1e674e59._.js:7621:106)
    at commitPassiveMountOnFiber (http://localhost:5050/_next/static/chunks/node_modules_next_dist_compiled_react-dom_1e674e59._.js:7673:17)
    at recursivelyTraversePassiveMountEffects (http://localhost:5050/_next/static/chunks/node_modules_next_dist_compiled_react-dom_1e674e59._.js:7621:106)
    at commitPassiveMountOnFiber (http://localhost:5050/_next/static/chunks/node_modules_next_dist_compiled_react-dom_1e674e59._.js:7673:17)
[   36771ms] [WARNING] [Fast Refresh] performing full reload because your application had an unrecoverable error @ http://localhost:5050/_next/static/chunks/node_modules_next_dist_client_cf1d9188._.js:6282
[  864415ms] [ERROR] Failed to load resource: net::ERR_CONNECTION_REFUSED @ http://localhost:5050/dashboard/tanstack-gantt?_rsc=tln0w:0
[  864416ms] [ERROR] Failed to fetch RSC payload for http://localhost:5050/dashboard/tanstack-gantt. Falling back to browser navigation. TypeError: Failed to fetch
    at createFetch (http://localhost:5050/_next/static/chunks/node_modules_next_dist_client_cf1d9188._.js:2091:33)
    at fetchServerResponse (http://localhost:5050/_next/static/chunks/node_modules_next_dist_client_cf1d9188._.js:2014:27)
    at http://localhost:5050/_next/static/chunks/node_modules_next_dist_client_cf1d9188._.js:3473:106
    at Object.task (http://localhost:5050/_next/static/chunks/node_modules_next_dist_client_cf1d9188._.js:3201:38)
    at PromiseQueue.processNext (http://localhost:5050/_next/static/chunks/node_modules_next_dist_client_cf1d9188._.js:3252:186)
    at PromiseQueue.enqueue (http://localhost:5050/_next/static/chunks/node_modules_next_dist_client_cf1d9188._.js:3216:76)
    at createLazyPrefetchEntry (http://localhost:5050/_next/static/chunks/node_modules_next_dist_client_cf1d9188._.js:3473:49)
    at getOrCreatePrefetchCacheEntry (http://localhost:5050/_next/static/chunks/node_modules_next_dist_client_cf1d9188._.js:3420:12)
    at navigateReducer (http://localhost:5050/_next/static/chunks/node_modules_next_dist_client_cf1d9188._.js:8266:82)
    at clientReducer (http://localhost:5050/_next/static/chunks/node_modules_next_dist_client_cf1d9188._.js:9222:61)
    at Object.action (http://localhost:5050/_next/static/chunks/node_modules_next_dist_client_cf1d9188._.js:9434:55)
    at runAction (http://localhost:5050/_next/static/chunks/node_modules_next_dist_client_cf1d9188._.js:9344:38)
    at dispatchAction (http://localhost:5050/_next/static/chunks/node_modules_next_dist_client_cf1d9188._.js:9398:9)
    at Object.dispatch (http://localhost:5050/_next/static/chunks/node_modules_next_dist_client_cf1d9188._.js:9432:40)
    at http://localhost:5050/_next/static/chunks/node_modules_next_dist_client_cf1d9188._.js:1409:29
    at startTransition (http://localhost:5050/_next/static/chunks/node_modules_next_dist_compiled_react-dom_1e674e59._.js:4904:31)
    at dispatch (http://localhost:5050/_next/static/chunks/node_modules_next_dist_client_cf1d9188._.js:1408:13)
    at dispatchAppRouterAction (http://localhost:5050/_next/static/chunks/node_modules_next_dist_client_cf1d9188._.js:1392:5)
    at dispatchNavigateAction (http://localhost:5050/_next/static/chunks/node_modules_next_dist_client_cf1d9188._.js:9486:49)
    at http://localhost:5050/_next/static/chunks/node_modules_30369bdf._.js:880:55
    at exports.startTransition (http://localhost:5050/_next/static/chunks/node_modules_next_dist_compiled_5150ccfd._.js:1662:31)
    at linkClicked (http://localhost:5050/_next/static/chunks/node_modules_30369bdf._.js:879:20)
    at onClick (http://localhost:5050/_next/static/chunks/node_modules_30369bdf._.js:1114:13)
    at executeDispatch (http://localhost:5050/_next/static/chunks/node_modules_next_dist_compiled_react-dom_1e674e59._.js:8965:13)
    at runWithFiberInDEV (http://localhost:5050/_next/static/chunks/node_modules_next_dist_compiled_react-dom_1e674e59._.js:886:74)
    at processDispatchQueue (http://localhost:5050/_next/static/chunks/node_modules_next_dist_compiled_react-dom_1e674e59._.js:8991:41)
    at http://localhost:5050/_next/static/chunks/node_modules_next_dist_compiled_react-dom_1e674e59._.js:9286:13
    at batchedUpdates$1 (http://localhost:5050/_next/static/chunks/node_modules_next_dist_compiled_react-dom_1e674e59._.js:2211:44)
    at dispatchEventForPluginEventSystem (http://localhost:5050/_next/static/chunks/node_modules_next_dist_compiled_react-dom_1e674e59._.js:9067:9)
    at dispatchEvent (http://localhost:5050/_next/static/chunks/node_modules_next_dist_compiled_react-dom_1e674e59._.js:11224:37)
    at dispatchDiscreteEvent (http://localhost:5050/_next/static/chunks/node_modules_next_dist_compiled_react-dom_1e674e59._.js:11206:64) @ http://localhost:5050/_next/static/chunks/node_modules_next_dist_b0daae9a._.js:2359
[  864452ms] [ERROR] Failed to load resource: net::ERR_CONNECTION_REFUSED @ http://localhost:5050/__nextjs_original-stack-frames:0
