[    1550ms] TypeError: Cannot read properties of undefined (reading 'ReactCurrentDispatcher')
    at http://localhost:5050/_next/static/chunks/node_modules_wx-react-gantt_dist_gantt_03b410b5.js:17611:63
    at requireReactJsxRuntime_development (http://localhost:5050/_next/static/chunks/node_modules_wx-react-gantt_dist_gantt_03b410b5.js:18421:11)
    at __TURBOPACK__module__evaluation__ (http://localhost:5050/_next/static/chunks/node_modules_wx-react-gantt_dist_gantt_03b410b5.js:18428:26)
    at http://localhost:5050/_next/static/chunks/turbopack-_cdba956c._.js:842:13
    at runModuleExecutionHooks (http://localhost:5050/_next/static/chunks/turbopack-_cdba956c._.js:867:13)
    at instantiateModule (http://localhost:5050/_next/static/chunks/turbopack-_cdba956c._.js:840:9)
    at getOrInstantiateModuleFromParent (http://localhost:5050/_next/static/chunks/turbopack-_cdba956c._.js:793:12)
    at DevContext.esmImport [as i] (http://localhost:5050/_next/static/chunks/turbopack-_cdba956c._.js:225:20)
    at __TURBOPACK__module__evaluation__ (http://localhost:5050/_next/static/chunks/src_components_gantt_SVARGanttChart_tsx_602aace1._.js:11:182)
    at http://localhost:5050/_next/static/chunks/turbopack-_cdba956c._.js:842:13
    at runModuleExecutionHooks (http://localhost:5050/_next/static/chunks/turbopack-_cdba956c._.js:867:13)
    at instantiateModule (http://localhost:5050/_next/static/chunks/turbopack-_cdba956c._.js:840:9)
    at getOrInstantiateModuleFromParent (http://localhost:5050/_next/static/chunks/turbopack-_cdba956c._.js:793:12)
    at DevContext.esmImport [as i] (http://localhost:5050/_next/static/chunks/turbopack-_cdba956c._.js:225:20)
    at __TURBOPACK__module__evaluation__ (http://localhost:5050/_next/static/chunks/src_components_gantt_SVARGanttChart_tsx_602aace1._.js:209:47)
    at http://localhost:5050/_next/static/chunks/turbopack-_cdba956c._.js:842:13
    at runModuleExecutionHooks (http://localhost:5050/_next/static/chunks/turbopack-_cdba956c._.js:867:13)
    at instantiateModule (http://localhost:5050/_next/static/chunks/turbopack-_cdba956c._.js:840:9)
    at getOrInstantiateModuleFromParent (http://localhost:5050/_next/static/chunks/turbopack-_cdba956c._.js:793:12)
    at DevContext.esmImport [as i] (http://localhost:5050/_next/static/chunks/turbopack-_cdba956c._.js:225:20)
    at http://localhost:5050/_next/static/chunks/src_components_gantt_SVARGanttChart_tsx_824d733b._.js:16:16
