[ 1112536ms] ReferenceError: dragging is not defined
    at GanttTimelineBar (http://localhost:5050/_next/static/chunks/src_17c9f86f._.js?id=%255Bproject%255D%252Fsrc%252Fcomponents%252Fgantt%252Ftanstack%252FGanttTimelineBar.tsx+%255Bapp-client%255D+%2528ecmascript%2529:48:24)
    at Object.react_stack_bottom_frame (http://localhost:5050/_next/static/chunks/node_modules_next_dist_compiled_react-dom_1e674e59._.js:13072:24)
    at renderWithHooks (http://localhost:5050/_next/static/chunks/node_modules_next_dist_compiled_react-dom_1e674e59._.js:4091:24)
    at updateFunctionComponent (http://localhost:5050/_next/static/chunks/node_modules_next_dist_compiled_react-dom_1e674e59._.js:5523:21)
    at beginWork (http://localhost:5050/_next/static/chunks/node_modules_next_dist_compiled_react-dom_1e674e59._.js:6111:24)
    at runWithFiberInDEV (http://localhost:5050/_next/static/chunks/node_modules_next_dist_compiled_react-dom_1e674e59._.js:886:74)
    at performUnitOfWork (http://localhost:5050/_next/static/chunks/node_modules_next_dist_compiled_react-dom_1e674e59._.js:8298:97)
    at workLoopSync (http://localhost:5050/_next/static/chunks/node_modules_next_dist_compiled_react-dom_1e674e59._.js:8190:40)
    at renderRootSync (http://localhost:5050/_next/static/chunks/node_modules_next_dist_compiled_react-dom_1e674e59._.js:8173:13)
    at performWorkOnRoot (http://localhost:5050/_next/static/chunks/node_modules_next_dist_compiled_react-dom_1e674e59._.js:7932:56)
    at performWorkOnRootViaSchedulerTask (http://localhost:5050/_next/static/chunks/node_modules_next_dist_compiled_react-dom_1e674e59._.js:8882:9)
    at MessagePort.performWorkUntilDeadline (http://localhost:5050/_next/static/chunks/node_modules_next_dist_compiled_5150ccfd._.js:2601:64)
[ 1119560ms] [WARNING] [Fast Refresh] performing full reload because your application had an unrecoverable error @ http://localhost:5050/_next/static/chunks/node_modules_next_dist_client_cf1d9188._.js:6282
[ 1120670ms] TypeError: Cannot read properties of undefined (reading 'split')
    at encodeURIPath (webpack-internal:///(app-pages-browser)/./node_modules/next/dist/shared/lib/encode-uri-path.js:12:17)
    at __webpack_require__.u (webpack-internal:///(app-pages-browser)/./node_modules/next/dist/client/app-webpack.js:20:42)
    at __webpack_require__.u (webpack-internal:///(app-pages-browser)/./node_modules/next/dist/compiled/react-server-dom-webpack/cjs/react-server-dom-webpack-client.browser.development.js:3254:11)
    at __webpack_require__.f.j (http://localhost:5050/_next/static/chunks/webpack.js:848:71)
    at http://localhost:5050/_next/static/chunks/webpack.js:145:40
    at Array.reduce (<anonymous>)
    at __webpack_require__.e (http://localhost:5050/_next/static/chunks/webpack.js:144:67)
    at fn.e (http://localhost:5050/_next/static/chunks/webpack.js:381:50)
    at loadChunk (webpack-internal:///(app-pages-browser)/./node_modules/next/dist/compiled/react-server-dom-webpack/cjs/react-server-dom-webpack-client.browser.development.js:113:34)
    at preloadModule (webpack-internal:///(app-pages-browser)/./node_modules/next/dist/compiled/react-server-dom-webpack/cjs/react-server-dom-webpack-client.browser.development.js:82:31)
    at resolveModule (webpack-internal:///(app-pages-browser)/./node_modules/next/dist/compiled/react-server-dom-webpack/cjs/react-server-dom-webpack-client.browser.development.js:2078:20)
    at processFullStringRow (webpack-internal:///(app-pages-browser)/./node_modules/next/dist/compiled/react-server-dom-webpack/cjs/react-server-dom-webpack-client.browser.development.js:2769:11)
    at processFullBinaryRow (webpack-internal:///(app-pages-browser)/./node_modules/next/dist/compiled/react-server-dom-webpack/cjs/react-server-dom-webpack-client.browser.development.js:2764:7)
    at processBinaryChunk (webpack-internal:///(app-pages-browser)/./node_modules/next/dist/compiled/react-server-dom-webpack/cjs/react-server-dom-webpack-client.browser.development.js:2967:15)
    at progress (webpack-internal:///(app-pages-browser)/./node_modules/next/dist/compiled/react-server-dom-webpack/cjs/react-server-dom-webpack-client.browser.development.js:3231:13)
[ 1120675ms] TypeError: Cannot read properties of undefined (reading 'split')
    at encodeURIPath (webpack-internal:///(app-pages-browser)/./node_modules/next/dist/shared/lib/encode-uri-path.js:12:17)
    at __webpack_require__.u (webpack-internal:///(app-pages-browser)/./node_modules/next/dist/client/app-webpack.js:20:42)
    at __webpack_require__.u (webpack-internal:///(app-pages-browser)/./node_modules/next/dist/compiled/react-server-dom-webpack/cjs/react-server-dom-webpack-client.browser.development.js:3254:11)
    at __webpack_require__.f.j (http://localhost:5050/_next/static/chunks/webpack.js:848:71)
    at http://localhost:5050/_next/static/chunks/webpack.js:145:40
    at Array.reduce (<anonymous>)
    at __webpack_require__.e (http://localhost:5050/_next/static/chunks/webpack.js:144:67)
    at fn.e (http://localhost:5050/_next/static/chunks/webpack.js:381:50)
    at loadChunk (webpack-internal:///(app-pages-browser)/./node_modules/next/dist/compiled/react-server-dom-webpack/cjs/react-server-dom-webpack-client.browser.development.js:113:34)
    at preloadModule (webpack-internal:///(app-pages-browser)/./node_modules/next/dist/compiled/react-server-dom-webpack/cjs/react-server-dom-webpack-client.browser.development.js:82:31)
    at resolveModule (webpack-internal:///(app-pages-browser)/./node_modules/next/dist/compiled/react-server-dom-webpack/cjs/react-server-dom-webpack-client.browser.development.js:2078:20)
    at processFullStringRow (webpack-internal:///(app-pages-browser)/./node_modules/next/dist/compiled/react-server-dom-webpack/cjs/react-server-dom-webpack-client.browser.development.js:2769:11)
    at processFullBinaryRow (webpack-internal:///(app-pages-browser)/./node_modules/next/dist/compiled/react-server-dom-webpack/cjs/react-server-dom-webpack-client.browser.development.js:2764:7)
    at processBinaryChunk (webpack-internal:///(app-pages-browser)/./node_modules/next/dist/compiled/react-server-dom-webpack/cjs/react-server-dom-webpack-client.browser.development.js:2967:15)
    at progress (webpack-internal:///(app-pages-browser)/./node_modules/next/dist/compiled/react-server-dom-webpack/cjs/react-server-dom-webpack-client.browser.development.js:3231:13)
[ 1120918ms] [ERROR] Failed to load resource: the server responded with a status of 404 (Not Found) @ http://localhost:5050/_next/_next/static/chunks/src_14726237._.js:0
[ 1120918ms] [ERROR] Failed to load resource: the server responded with a status of 404 (Not Found) @ http://localhost:5050/_next/_next/static/chunks/node_modules_%40tanstack_query-core_build_modern_3af4705f._.js:0
[ 1120919ms] [ERROR] Failed to load resource: the server responded with a status of 404 (Not Found) @ http://localhost:5050/_next/_next/static/chunks/node_modules_%40trpc_client_dist_02ef24e9._.js:0
[ 1120919ms] [ERROR] Failed to load resource: the server responded with a status of 404 (Not Found) @ http://localhost:5050/_next/_next/static/chunks/node_modules_framer-motion_dist_es_b71551f1._.js:0
